<?xml version="1.0" encoding="UTF-8"?>
<!-- Generated by org.testng.reporters.JUnitXMLReporter -->
<testsuite ignored="0" hostname="macs-MacBook-Pro.local" failures="0" tests="4" name="Default test" time="0.803" errors="0" timestamp="28 Jul 2022 17:03:34 GMT">
  <testcase classname="com.bhanu.testScripts.login.LoginTestRND" name="loginTest1" time="0.009"/>
  <testcase classname="com.bhanu.testScripts.login.LoginTestRND" name="loginTest1" time="0.002"/>
  <testcase classname="com.bhanu.testScripts.login.LoginTestRND" name="loginTest1" time="0.006"/>
  <testcase classname="com.bhanu.testScripts.login.LoginTestRND" name="loginTest1" time="0.002"/>
</testsuite> <!-- Default test -->
